<?xml version="1.0" encoding="UTF-8"?>
<!-- Generated by org.testng.reporters.JUnitXMLReporter -->
<testsuite hostname="DESKTOP-RFTBKIQ" failures="1" tests="8" name="LoanDepartment" time="0.184" errors="0" timestamp="3 Jul 2023 02:08:37 GMT">
  <testcase classname="demo.Class1" name="autoLoan" time="0.015"/>
  <testcase classname="demo.Class1" name="carLoan" time="0.003"/>
  <testcase classname="demo.Class1" name="homeLoan" time="0.025">
    <failure type="java.lang.AssertionError">
      <![CDATA[java.lang.AssertionError
	at org.junit.Assert.fail(Assert.java:86)
	at org.junit.Assert.assertTrue(Assert.java:41)
	at org.junit.Assert.assertTrue(Assert.java:52)
	at demo.Class1.homeLoan(Class1.java:18)
	at java.base/java.util.concurrent.ThreadPoolExecutor.runWorker(ThreadPoolExecutor.java:1136)
	at java.base/java.util.concurrent.ThreadPoolExecutor$Worker.run(ThreadPoolExecutor.java:635)
	at java.base/java.lang.Thread.run(Thread.java:833)
... Removed 10 stack frames]]>
    </failure>
  </testcase> <!-- homeLoan -->
  <testcase classname="demo.Class2" name="MobileautoLoan" time="0.002"/>
  <testcase classname="demo.Class2" name="MobilecarLoan" time="0.002"/>
  <testcase classname="demo.Class2" name="MobilehomeLoan" time="0.017"/>
  <testcase classname="demo.Class3" name="mobileLogin" time="0.004"/>
  <testcase classname="demo.Class3" name="mobileLogout" time="0.004"/>
</testsuite> <!-- LoanDepartment -->
