<?xml version="1.0" encoding="UTF-8"?>
<testng-results total="8" passed="7" failed="1" skipped="0">
  <reporter-output>
  </reporter-output>
  <suite started-at="2023-07-03T02:08:36Z" name="BankingSuite" finished-at="2023-07-03T02:08:37Z" duration-ms="184">
    <groups>
      <group name="smoke">
        <method signature="Class1.autoLoan(java.lang.String, java.lang.String)[pri:0, instance:demo.Class1@3c77d488]" name="autoLoan" class="demo.Class1"/>
        <method signature="Class1.carLoan(java.lang.String)[pri:0, instance:demo.Class1@3c77d488]" name="carLoan" class="demo.Class1"/>
        <method signature="Class1.homeLoan()[pri:0, instance:demo.Class1@3c77d488]" name="homeLoan" class="demo.Class1"/>
        <method signature="Class2.MobileautoLoan()[pri:0, instance:demo.Class2@2892d68]" name="MobileautoLoan" class="demo.Class2"/>
        <method signature="Class2.MobilecarLoan()[pri:0, instance:demo.Class2@2892d68]" name="MobilecarLoan" class="demo.Class2"/>
        <method signature="Class2.MobilehomeLoan()[pri:0, instance:demo.Class2@2892d68]" name="MobilehomeLoan" class="demo.Class2"/>
        <method signature="Class3.mobileLogin()[pri:0, instance:demo.Class3@5ab956d7]" name="mobileLogin" class="demo.Class3"/>
        <method signature="Class3.mobileLogout()[pri:0, instance:demo.Class3@5ab956d7]" name="mobileLogout" class="demo.Class3"/>
      </group> <!-- smoke -->
    </groups>
    <test started-at="2023-07-03T02:08:36Z" name="LoanDepartment" finished-at="2023-07-03T02:08:37Z" duration-ms="184">
      <class name="demo.Class1">
        <test-method signature="autoLoan(java.lang.String, java.lang.String)[pri:0, instance:demo.Class1@3c77d488]" started-at="2023-07-03T07:38:36Z" name="autoLoan" finished-at="2023-07-03T07:38:36Z" duration-ms="15" status="PASS">
          <params>
            <param index="0">
              <value>
                <![CDATA[vikash.Tyagi]]>
              </value>
            </param>
            <param index="1">
              <value>
                <![CDATA[vik@1994]]>
              </value>
            </param>
          </params>
          <reporter-output>
          </reporter-output>
        </test-method> <!-- autoLoan -->
        <test-method signature="carLoan(java.lang.String)[pri:0, instance:demo.Class1@3c77d488]" started-at="2023-07-03T07:38:36Z" name="carLoan" finished-at="2023-07-03T07:38:36Z" duration-ms="3" status="PASS">
          <params>
            <param index="0">
              <value>
                <![CDATA[https://www.google.com/]]>
              </value>
            </param>
          </params>
          <reporter-output>
          </reporter-output>
        </test-method> <!-- carLoan -->
        <test-method signature="homeLoan()[pri:0, instance:demo.Class1@3c77d488]" started-at="2023-07-03T07:38:36Z" name="homeLoan" finished-at="2023-07-03T07:38:36Z" duration-ms="25" status="FAIL">
          <exception class="java.lang.AssertionError">
            <full-stacktrace>
              <![CDATA[java.lang.AssertionError
	at org.junit.Assert.fail(Assert.java:86)
	at org.junit.Assert.assertTrue(Assert.java:41)
	at org.junit.Assert.assertTrue(Assert.java:52)
	at demo.Class1.homeLoan(Class1.java:18)
	at java.base/jdk.internal.reflect.NativeMethodAccessorImpl.invoke0(Native Method)
	at java.base/jdk.internal.reflect.NativeMethodAccessorImpl.invoke(NativeMethodAccessorImpl.java:77)
	at java.base/jdk.internal.reflect.DelegatingMethodAccessorImpl.invoke(DelegatingMethodAccessorImpl.java:43)
	at java.base/java.lang.reflect.Method.invoke(Method.java:568)
	at org.testng.internal.MethodInvocationHelper.invokeMethod(MethodInvocationHelper.java:85)
	at org.testng.internal.Invoker.invokeMethod(Invoker.java:639)
	at org.testng.internal.Invoker.invokeTestMethod(Invoker.java:816)
	at org.testng.internal.Invoker.invokeTestMethods(Invoker.java:1124)
	at org.testng.internal.TestMethodWorker.invokeTestMethods(TestMethodWorker.java:125)
	at org.testng.internal.TestMethodWorker.run(TestMethodWorker.java:108)
	at java.base/java.util.concurrent.ThreadPoolExecutor.runWorker(ThreadPoolExecutor.java:1136)
	at java.base/java.util.concurrent.ThreadPoolExecutor$Worker.run(ThreadPoolExecutor.java:635)
	at java.base/java.lang.Thread.run(Thread.java:833)
]]>
            </full-stacktrace>
          </exception> <!-- java.lang.AssertionError -->
          <reporter-output>
          </reporter-output>
        </test-method> <!-- homeLoan -->
      </class> <!-- demo.Class1 -->
      <class name="demo.Class2">
        <test-method signature="MobileautoLoan()[pri:0, instance:demo.Class2@2892d68]" started-at="2023-07-03T07:38:36Z" name="MobileautoLoan" finished-at="2023-07-03T07:38:36Z" duration-ms="2" status="PASS">
          <reporter-output>
          </reporter-output>
        </test-method> <!-- MobileautoLoan -->
        <test-method signature="MobilecarLoan()[pri:0, instance:demo.Class2@2892d68]" started-at="2023-07-03T07:38:36Z" name="MobilecarLoan" finished-at="2023-07-03T07:38:36Z" duration-ms="2" status="PASS">
          <reporter-output>
          </reporter-output>
        </test-method> <!-- MobilecarLoan -->
        <test-method signature="MobilehomeLoan()[pri:0, instance:demo.Class2@2892d68]" started-at="2023-07-03T07:38:36Z" name="MobilehomeLoan" finished-at="2023-07-03T07:38:36Z" duration-ms="17" status="PASS">
          <reporter-output>
          </reporter-output>
        </test-method> <!-- MobilehomeLoan -->
      </class> <!-- demo.Class2 -->
      <class name="demo.Class3">
        <test-method signature="mobileLogin()[pri:0, instance:demo.Class3@5ab956d7]" started-at="2023-07-03T07:38:36Z" name="mobileLogin" finished-at="2023-07-03T07:38:36Z" duration-ms="4" status="PASS">
          <reporter-output>
          </reporter-output>
        </test-method> <!-- mobileLogin -->
        <test-method signature="mobileLogout()[pri:0, instance:demo.Class3@5ab956d7]" started-at="2023-07-03T07:38:36Z" name="mobileLogout" finished-at="2023-07-03T07:38:37Z" duration-ms="4" status="PASS">
          <reporter-output>
          </reporter-output>
        </test-method> <!-- mobileLogout -->
      </class> <!-- demo.Class3 -->
    </test> <!-- LoanDepartment -->
  </suite> <!-- BankingSuite -->
</testng-results>
